[debug] [2023-06-23T21:24:29.116Z] ----------------------------------------------------------------------
[debug] [2023-06-23T21:24:29.118Z] Command:       /Users/robertcunningham/.nvm/versions/node/v19.9.0/bin/node /Users/robertcunningham/.nvm/versions/node/v19.9.0/bin/firebase init hosting
[debug] [2023-06-23T21:24:29.119Z] CLI Version:   12.4.0
[debug] [2023-06-23T21:24:29.119Z] Platform:      darwin
[debug] [2023-06-23T21:24:29.119Z] Node Version:  v19.9.0
[debug] [2023-06-23T21:24:29.119Z] Time:          Fri Jun 23 2023 14:24:29 GMT-0700 (Pacific Daylight Time)
[debug] [2023-06-23T21:24:29.119Z] ----------------------------------------------------------------------
[debug] 
[debug] [2023-06-23T21:24:29.123Z] > command requires scopes: ["email","openid","https://www.googleapis.com/auth/cloudplatformprojects.readonly","https://www.googleapis.com/auth/firebase","https://www.googleapis.com/auth/cloud-platform"]
[debug] [2023-06-23T21:24:29.124Z] > authorizing via signed-in user (robert@bagpyp.net)
[info] 
     ######## #### ########  ######## ########     ###     ######  ########
     ##        ##  ##     ## ##       ##     ##  ##   ##  ##       ##
     ######    ##  ########  ######   ########  #########  ######  ######
     ##        ##  ##    ##  ##       ##     ## ##     ##       ## ##
     ##       #### ##     ## ######## ########  ##     ##  ######  ########

You're about to initialize a Firebase project in this directory:

  /Users/robertcunningham/beach/memento

[info] 
=== Project Setup
[info] 
[info] First, let's associate this project directory with a Firebase project.
[info] You can create multiple project aliases by running firebase use --add, 
[info] but for now we'll just set up a default project.
[info] 
[debug] [2023-06-23T21:24:41.940Z] >>> [apiv2][query] GET https://firebase.googleapis.com/v1beta1/projects pageSize=100
[debug] [2023-06-23T21:24:42.430Z] <<< [apiv2][status] GET https://firebase.googleapis.com/v1beta1/projects 200
[debug] [2023-06-23T21:24:42.430Z] <<< [apiv2][body] GET https://firebase.googleapis.com/v1beta1/projects [omitted]
[info] i  Using project bagpyp-9de3b (bagpyp) 
[info] 
=== Hosting Setup
[info] 
[info] Your public directory is the folder (relative to your project directory) that
[info] will contain Hosting assets to be uploaded with firebase deploy. If you
[info] have a build process for your assets, use your build's output directory.
[info] 
[debug] [2023-06-23T21:25:28.478Z] >>> [apiv2][query] GET https://www.gstatic.com/firebasejs/releases.json [none]
[debug] [2023-06-23T21:25:28.592Z] <<< [apiv2][status] GET https://www.gstatic.com/firebasejs/releases.json 200
[debug] [2023-06-23T21:25:28.592Z] <<< [apiv2][body] GET https://www.gstatic.com/firebasejs/releases.json {"current":{"version":"9.23.0","browserURL":"https://www.gstatic.com/firebasejs/9.23.0/firebase.js","packageURL":"https://www.gstatic.com/firebasejs/9.23.0/firebase.tgz"},"live":{"version":"9.23","browserURL":"https://www.gstatic.com/firebasejs/live/9.23/firebase.js","packageURL":"https://www.gstatic.com/firebasejs/live/9.23/firebase.tgz"},"components":{"analytics":"https://www.gstatic.com/firebasejs/9.23.0/firebase-analytics.js","app":"https://www.gstatic.com/firebasejs/9.23.0/firebase-app.js","app-check":"https://www.gstatic.com/firebasejs/9.23.0/firebase-app-check.js","auth":"https://www.gstatic.com/firebasejs/9.23.0/firebase-auth.js","auth/cordova":"https://www.gstatic.com/firebasejs/9.23.0/firebase-auth/cordova.js","auth/react-native":"https://www.gstatic.com/firebasejs/9.23.0/firebase-auth/react-native.js","functions":"https://www.gstatic.com/firebasejs/9.23.0/firebase-functions.js","firestore":"https://www.gstatic.com/firebasejs/9.23.0/firebase-firestore.js","firestore/lite":"https://www.gstatic.com/firebasejs/9.23.0/firebase-firestore/lite.js","installations":"https://www.gstatic.com/firebasejs/9.23.0/firebase-installations.js","storage":"https://www.gstatic.com/firebasejs/9.23.0/firebase-storage.js","performance":"https://www.gstatic.com/firebasejs/9.23.0/firebase-performance.js","remote-config":"https://www.gstatic.com/firebasejs/9.23.0/firebase-remote-config.js","messaging":"https://www.gstatic.com/firebasejs/9.23.0/firebase-messaging.js","messaging/sw":"https://www.gstatic.com/firebasejs/9.23.0/firebase-messaging/sw.js","database":"https://www.gstatic.com/firebasejs/9.23.0/firebase-database.js","firestore.memory":"https://www.gstatic.com/firebasejs/9.23.0/firebase-firestore.memory.js"}}
[info] ✔  Wrote build/index.html 
[info] 
[info] i  Detected a .git folder at /Users/robertcunningham/beach/memento 
[info] i  Authorizing with GitHub to upload your service account to a GitHub repository's secrets store. 
[info] 
[info] Visit this URL on this device to log in:
[info] https://github.com/login/oauth/authorize?client_id=89cf50f02ac6aaed3484&state=547796397&redirect_uri=http%3A%2F%2Flocalhost%3A9005&scope=read%3Auser%20repo%20public_repo
[info] 
[info] Waiting for authentication...
[debug] [2023-06-23T21:25:50.560Z] >>> [apiv2][query] POST https://github.com/login/oauth/access_token [none]
[debug] [2023-06-23T21:25:50.560Z] >>> [apiv2][body] POST https://github.com/login/oauth/access_token [stream]
[debug] [2023-06-23T21:25:50.819Z] <<< [apiv2][status] POST https://github.com/login/oauth/access_token 200
[debug] [2023-06-23T21:25:50.819Z] <<< [apiv2][body] POST https://github.com/login/oauth/access_token {"access_token":"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","token_type":"bearer","scope":"read:user,repo"}
[debug] [2023-06-23T21:25:50.826Z] >>> [apiv2][query] GET https://api.github.com/user [none]
[debug] [2023-06-23T21:25:51.128Z] <<< [apiv2][status] GET https://api.github.com/user 200
[debug] [2023-06-23T21:25:51.128Z] <<< [apiv2][body] GET https://api.github.com/user {"login":"bagpyp","id":57107798,"node_id":"MDQ6VXNlcjU3MTA3Nzk4","avatar_url":"https://avatars.githubusercontent.com/u/57107798?v=4","gravatar_id":"","url":"https://api.github.com/users/bagpyp","html_url":"https://github.com/bagpyp","followers_url":"https://api.github.com/users/bagpyp/followers","following_url":"https://api.github.com/users/bagpyp/following{/other_user}","gists_url":"https://api.github.com/users/bagpyp/gists{/gist_id}","starred_url":"https://api.github.com/users/bagpyp/starred{/owner}{/repo}","subscriptions_url":"https://api.github.com/users/bagpyp/subscriptions","organizations_url":"https://api.github.com/users/bagpyp/orgs","repos_url":"https://api.github.com/users/bagpyp/repos","events_url":"https://api.github.com/users/bagpyp/events{/privacy}","received_events_url":"https://api.github.com/users/bagpyp/received_events","type":"User","site_admin":false,"name":"Robert Cunningham","company":"Bagpyp","blog":"bagpyp.net","location":"Portland, OR","email":null,"hireable":true,"bio":"Full Stack Software Developer\r\n","twitter_username":"bagpyp","public_repos":78,"public_gists":0,"followers":9,"following":12,"created_at":"2019-10-28T16:52:11Z","updated_at":"2023-06-08T15:32:41Z","private_gists":0,"total_private_repos":6,"owned_private_repos":6,"disk_usage":321906,"collaborators":2,"two_factor_authentication":false,"plan":{"name":"free","space":976562499,"collaborators":0,"private_repos":10000}}
[info] 
[info] ✔  Success! Logged into GitHub as bagpyp 
[info] 
